#
# There is insufficient memory for the Java Runtime Environment to continue.
# Native memory allocation (malloc) failed to allocate 1860224 bytes for Chunk::new
# Possible reasons:
#   The system is out of physical RAM or swap space
#   The process is running with CompressedOops enabled, and the Java Heap may be blocking the growth of the native heap
# Possible solutions:
#   Reduce memory load on the system
#   Increase physical memory or swap space
#   Check if swap backing store is full
#   Decrease Java heap size (-Xmx/-Xms)
#   Decrease number of Java threads
#   Decrease Java thread stack sizes (-Xss)
#   Set larger code cache with -XX:ReservedCodeCacheSize=
#   JVM is running with Unscaled Compressed Oops mode in which the Java heap is
#     placed in the first 4GB address space. The Java Heap base address is the
#     maximum limit for the native heap growth. Please use -XX:HeapBaseMinAddress
#     to set the Java Heap base and to place the Java Heap above 4GB virtual address.
# This output file may be truncated or incomplete.
#
#  Out of Memory Error (allocation.cpp:389), pid=16320, tid=0x0000000000006720
#
# JRE version: OpenJDK Runtime Environment (8.0_242-b01) (build 1.8.0_242-release-1644-b01)
# Java VM: OpenJDK 64-Bit Server VM (25.242-b01 mixed mode windows-amd64 compressed oops)
# Failed to write core dump. Minidumps are not enabled by default on client versions of Windows
#

---------------  T H R E A D  ---------------

Current thread (0x0000000016fdd800):  JavaThread "C2 CompilerThread1" daemon [_thread_in_native, id=26400, stack(0x0000000018740000,0x0000000018840000)]

Stack: [0x0000000018740000,0x0000000018840000]
[error occurred during error reporting (printing stack bounds), id 0xc0000005]

Native frames: (J=compiled Java code, j=interpreted, Vv=VM code, C=native code)


Current CompileTask:
C2:  11759 5373       4       com.sun.beans.TypeResolver::resolve (37 bytes)


---------------  P R O C E S S  ---------------

Java Threads: ( => current thread )
  0x000000001fa2a000 JavaThread "jar transforms Thread 92" [_thread_blocked, id=20300, stack(0x0000000028f40000,0x0000000029040000)]
  0x000000001fa2f000 JavaThread "jar transforms Thread 91" [_thread_blocked, id=15620, stack(0x0000000028e40000,0x0000000028f40000)]
  0x000000001fa29000 JavaThread "jar transforms Thread 90" [_thread_blocked, id=4484, stack(0x0000000028d40000,0x0000000028e40000)]
  0x000000001fa2d000 JavaThread "jar transforms Thread 89" [_thread_blocked, id=17672, stack(0x0000000028c40000,0x0000000028d40000)]
  0x000000001fa2b800 JavaThread "jar transforms Thread 88" [_thread_blocked, id=16876, stack(0x0000000028b40000,0x0000000028c40000)]
  0x000000001fa2e800 JavaThread "jar transforms Thread 87" [_thread_blocked, id=12376, stack(0x0000000028a40000,0x0000000028b40000)]
  0x000000001fa2d800 JavaThread "jar transforms Thread 86" [_thread_blocked, id=24572, stack(0x0000000028940000,0x0000000028a40000)]
  0x000000001fa21800 JavaThread "jar transforms Thread 85" [_thread_blocked, id=20456, stack(0x0000000028840000,0x0000000028940000)]
  0x000000001fa28800 JavaThread "jar transforms Thread 84" [_thread_blocked, id=16452, stack(0x0000000028740000,0x0000000028840000)]
  0x000000001fa27800 JavaThread "jar transforms Thread 83" [_thread_blocked, id=18668, stack(0x0000000028640000,0x0000000028740000)]
  0x000000001fa26000 JavaThread "jar transforms Thread 82" [_thread_blocked, id=20772, stack(0x0000000028540000,0x0000000028640000)]
  0x000000001fa23000 JavaThread "jar transforms Thread 81" [_thread_blocked, id=3316, stack(0x0000000028440000,0x0000000028540000)]
  0x000000001fa21000 JavaThread "jar transforms Thread 80" [_thread_blocked, id=17968, stack(0x0000000028340000,0x0000000028440000)]
  0x000000001fa22800 JavaThread "jar transforms Thread 79" [_thread_blocked, id=13324, stack(0x0000000028240000,0x0000000028340000)]
  0x000000001fa20000 JavaThread "jar transforms Thread 78" [_thread_blocked, id=20932, stack(0x0000000028140000,0x0000000028240000)]
  0x000000001fa25800 JavaThread "jar transforms Thread 77" [_thread_blocked, id=23336, stack(0x0000000028040000,0x0000000028140000)]
  0x000000001fa24800 JavaThread "jar transforms Thread 76" [_thread_blocked, id=18572, stack(0x0000000027f40000,0x0000000028040000)]
  0x000000001fa24000 JavaThread "jar transforms Thread 75" [_thread_blocked, id=22168, stack(0x0000000027e40000,0x0000000027f40000)]
  0x000000001fa27000 JavaThread "jar transforms Thread 74" [_thread_blocked, id=18340, stack(0x0000000027d40000,0x0000000027e40000)]
  0x000000001ada1800 JavaThread "jar transforms Thread 73" [_thread_blocked, id=24512, stack(0x0000000027c40000,0x0000000027d40000)]
  0x000000001ad9e800 JavaThread "jar transforms Thread 72" [_thread_blocked, id=17504, stack(0x0000000027b40000,0x0000000027c40000)]
  0x000000001ad9e000 JavaThread "jar transforms Thread 71" [_thread_blocked, id=6888, stack(0x0000000027a40000,0x0000000027b40000)]
  0x000000001ada1000 JavaThread "jar transforms Thread 70" [_thread_blocked, id=22512, stack(0x0000000027940000,0x0000000027a40000)]
  0x000000001ad9d000 JavaThread "jar transforms Thread 69" [_thread_blocked, id=2232, stack(0x0000000027840000,0x0000000027940000)]
  0x000000001ad9b800 JavaThread "jar transforms Thread 68" [_thread_blocked, id=17028, stack(0x0000000027740000,0x0000000027840000)]
  0x000000001ad9c800 JavaThread "jar transforms Thread 67" [_thread_blocked, id=21800, stack(0x0000000027640000,0x0000000027740000)]
  0x000000001ada2800 JavaThread "jar transforms Thread 66" [_thread_blocked, id=1792, stack(0x0000000027540000,0x0000000027640000)]
  0x000000001ad9b000 JavaThread "jar transforms Thread 65" [_thread_blocked, id=14440, stack(0x0000000027440000,0x0000000027540000)]
  0x000000001ada0000 JavaThread "jar transforms Thread 64" [_thread_blocked, id=17420, stack(0x0000000027340000,0x0000000027440000)]
  0x000000001ad9f800 JavaThread "jar transforms Thread 63" [_thread_blocked, id=25412, stack(0x0000000027240000,0x0000000027340000)]
  0x000000001ad93800 JavaThread "jar transforms Thread 62" [_thread_blocked, id=23984, stack(0x0000000027140000,0x0000000027240000)]
  0x000000001ad99800 JavaThread "jar transforms Thread 61" [_thread_blocked, id=12176, stack(0x0000000027040000,0x0000000027140000)]
  0x000000001ad94000 JavaThread "jar transforms Thread 60" [_thread_blocked, id=20880, stack(0x0000000026f40000,0x0000000027040000)]
  0x000000001ad98800 JavaThread "jar transforms Thread 59" [_thread_blocked, id=10052, stack(0x0000000026e40000,0x0000000026f40000)]
  0x000000001ad95800 JavaThread "jar transforms Thread 58" [_thread_blocked, id=12564, stack(0x0000000026d40000,0x0000000026e40000)]
  0x000000001ad98000 JavaThread "jar transforms Thread 57" [_thread_blocked, id=25592, stack(0x0000000026c40000,0x0000000026d40000)]
  0x000000001ad95000 JavaThread "jar transforms Thread 56" [_thread_blocked, id=25772, stack(0x0000000026b40000,0x0000000026c40000)]
  0x000000001ad9a000 JavaThread "jar transforms Thread 55" [_thread_blocked, id=8224, stack(0x0000000026a40000,0x0000000026b40000)]
  0x000000001ad97000 JavaThread "jar transforms Thread 54" [_thread_blocked, id=15520, stack(0x0000000026940000,0x0000000026a40000)]
  0x000000001ad96800 JavaThread "jar transforms Thread 53" [_thread_blocked, id=2492, stack(0x0000000026840000,0x0000000026940000)]
  0x000000001b59f800 JavaThread "jar transforms Thread 52" [_thread_blocked, id=11760, stack(0x0000000026740000,0x0000000026840000)]
  0x000000001b5a2800 JavaThread "jar transforms Thread 51" [_thread_blocked, id=21120, stack(0x0000000026640000,0x0000000026740000)]
  0x000000001b59d000 JavaThread "jar transforms Thread 50" [_thread_blocked, id=8144, stack(0x0000000026540000,0x0000000026640000)]
  0x000000001b59e800 JavaThread "jar transforms Thread 49" [_thread_blocked, id=6320, stack(0x0000000026440000,0x0000000026540000)]
  0x000000001b5a1800 JavaThread "jar transforms Thread 48" [_thread_blocked, id=26404, stack(0x0000000026340000,0x0000000026440000)]
  0x000000001b59e000 JavaThread "jar transforms Thread 47" [_thread_blocked, id=15340, stack(0x0000000026240000,0x0000000026340000)]
  0x000000001b5a1000 JavaThread "jar transforms Thread 46" [_thread_blocked, id=12468, stack(0x0000000026140000,0x0000000026240000)]
  0x000000001b59c800 JavaThread "jar transforms Thread 45" [_thread_blocked, id=21516, stack(0x0000000026040000,0x0000000026140000)]
  0x000000001b59b800 JavaThread "jar transforms Thread 44" [_thread_blocked, id=14752, stack(0x0000000025f40000,0x0000000026040000)]
  0x000000001b59b000 JavaThread "jar transforms Thread 43" [_thread_blocked, id=17808, stack(0x0000000025e40000,0x0000000025f40000)]
  0x000000001b5a0000 JavaThread "jar transforms Thread 42" [_thread_blocked, id=7792, stack(0x0000000025d40000,0x0000000025e40000)]
  0x000000001b593800 JavaThread "jar transforms Thread 41" [_thread_blocked, id=3816, stack(0x0000000025c40000,0x0000000025d40000)]
  0x000000001b595800 JavaThread "jar transforms Thread 40" [_thread_blocked, id=7384, stack(0x0000000025b40000,0x0000000025c40000)]
  0x000000001b59a000 JavaThread "jar transforms Thread 39" [_thread_blocked, id=8732, stack(0x0000000025a40000,0x0000000025b40000)]
  0x000000001b598000 JavaThread "jar transforms Thread 38" [_thread_blocked, id=25308, stack(0x0000000025940000,0x0000000025a40000)]
  0x000000001b594000 JavaThread "jar transforms Thread 37" [_thread_blocked, id=1972, stack(0x0000000025840000,0x0000000025940000)]
  0x000000001b596800 JavaThread "jar transforms Thread 36" [_thread_blocked, id=26344, stack(0x0000000025740000,0x0000000025840000)]
  0x000000001b595000 JavaThread "jar transforms Thread 35" [_thread_blocked, id=25816, stack(0x0000000025640000,0x0000000025740000)]
  0x000000001b599800 JavaThread "jar transforms Thread 34" [_thread_blocked, id=13748, stack(0x0000000025540000,0x0000000025640000)]
  0x000000001b598800 JavaThread "jar transforms Thread 33" [_thread_blocked, id=22172, stack(0x0000000025440000,0x0000000025540000)]
  0x000000001b597000 JavaThread "jar transforms Thread 32" [_thread_blocked, id=19316, stack(0x0000000025340000,0x0000000025440000)]
  0x000000001e9a6000 JavaThread "jar transforms Thread 31" [_thread_blocked, id=1136, stack(0x0000000025240000,0x0000000025340000)]
  0x000000001e9a4000 JavaThread "jar transforms Thread 30" [_thread_blocked, id=11380, stack(0x0000000025140000,0x0000000025240000)]
  0x000000001e9a5800 JavaThread "jar transforms Thread 29" [_thread_blocked, id=19212, stack(0x0000000025040000,0x0000000025140000)]
  0x000000001e9a4800 JavaThread "jar transforms Thread 28" [_thread_blocked, id=11740, stack(0x0000000024f40000,0x0000000025040000)]
  0x000000001e9a3000 JavaThread "jar transforms Thread 27" [_thread_blocked, id=21728, stack(0x0000000024e40000,0x0000000024f40000)]
  0x000000001e9a7000 JavaThread "jar transforms Thread 26" [_thread_blocked, id=22004, stack(0x0000000024d40000,0x0000000024e40000)]
  0x000000001e9a2800 JavaThread "jar transforms Thread 25" [_thread_blocked, id=24032, stack(0x0000000024c40000,0x0000000024d40000)]
  0x000000001e99b000 JavaThread "jar transforms Thread 24" [_thread_blocked, id=25196, stack(0x0000000024b40000,0x0000000024c40000)]
  0x000000001e9a1800 JavaThread "jar transforms Thread 23" [_thread_blocked, id=20268, stack(0x0000000024a40000,0x0000000024b40000)]
  0x000000001e99a000 JavaThread "jar transforms Thread 22" [_thread_blocked, id=15904, stack(0x0000000024940000,0x0000000024a40000)]
  0x000000001e9a1000 JavaThread "jar transforms Thread 21" [_thread_blocked, id=18052, stack(0x0000000024840000,0x0000000024940000)]
  0x000000001e999800 JavaThread "Build operations Thread 4" [_thread_blocked, id=21144, stack(0x00000000234b0000,0x00000000235b0000)]
  0x000000001e99f800 JavaThread "Build operations Thread 3" [_thread_blocked, id=13992, stack(0x00000000233b0000,0x00000000234b0000)]
  0x000000001e99e800 JavaThread "Build operations Thread 2" [_thread_blocked, id=25532, stack(0x00000000232b0000,0x00000000233b0000)]
  0x000000001e9a0000 JavaThread "Build operations" [_thread_blocked, id=5276, stack(0x00000000231b0000,0x00000000232b0000)]
  0x000000001e998800 JavaThread "Cache worker for Build Output Cleanup Cache (E:\Projects\HomeWorkHelperBeta\.gradle\buildOutputCleanup)" [_thread_blocked, id=19688, stack(0x0000000022890000,0x0000000022990000)]
  0x000000001a4ad800 JavaThread "Cache worker for file content cache (C:\Users\–ê–¥–º–∏–Ω\.gradle\caches\6.5\fileContent)" [_thread_blocked, id=13292, stack(0x0000000022790000,0x0000000022890000)]
  0x000000001a4ac000 JavaThread "Cache worker for execution history cache (C:\Users\–ê–¥–º–∏–Ω\.gradle\caches\6.5\executionHistory)" [_thread_blocked, id=12976, stack(0x0000000022290000,0x0000000022390000)]
  0x000000001a4aa000 JavaThread "Cache worker for cache directory md-rule (C:\Users\–ê–¥–º–∏–Ω\.gradle\caches\6.5\md-rule)" [_thread_blocked, id=9080, stack(0x0000000021f90000,0x0000000022090000)]
  0x000000001a4ab800 JavaThread "Cache worker for cache directory md-supplier (C:\Users\–ê–¥–º–∏–Ω\.gradle\caches\6.5\md-supplier)" [_thread_blocked, id=6756, stack(0x0000000021e90000,0x0000000021f90000)]
  0x000000001a4a9000 JavaThread "Cache worker for checksums cache (E:\Projects\HomeWorkHelperBeta\.gradle\checksums)" [_thread_blocked, id=15940, stack(0x0000000021d90000,0x0000000021e90000)]
  0x000000001a4ae800 JavaThread "jar transforms Thread 20" [_thread_blocked, id=26196, stack(0x0000000021a90000,0x0000000021b90000)]
  0x000000001a4a1000 JavaThread "jar transforms Thread 19" [_thread_blocked, id=4236, stack(0x0000000021990000,0x0000000021a90000)]
  0x000000001a4a7800 JavaThread "jar transforms Thread 18" [_thread_blocked, id=5380, stack(0x0000000021890000,0x0000000021990000)]
  0x000000001a4a0000 JavaThread "jar transforms Thread 17" [_thread_blocked, id=22500, stack(0x0000000021790000,0x0000000021890000)]
  0x000000001a4a7000 JavaThread "jar transforms Thread 16" [_thread_blocked, id=20160, stack(0x0000000021690000,0x0000000021790000)]
  0x000000001a49f800 JavaThread "jar transforms Thread 15" [_thread_blocked, id=4228, stack(0x0000000021590000,0x0000000021690000)]
  0x000000001a4a4800 JavaThread "jar transforms Thread 14" [_thread_blocked, id=26552, stack(0x0000000021490000,0x0000000021590000)]
  0x000000001a4a1800 JavaThread "jar transforms Thread 13" [_thread_blocked, id=18640, stack(0x0000000021390000,0x0000000021490000)]
  0x000000001a4a4000 JavaThread "jar transforms Thread 12" [_thread_blocked, id=18268, stack(0x0000000021290000,0x0000000021390000)]
  0x000000001a4a6000 JavaThread "jar transforms Thread 11" [_thread_blocked, id=9416, stack(0x0000000021190000,0x0000000021290000)]
  0x000000001a4a2800 JavaThread "jar transforms Thread 10" [_thread_blocked, id=22692, stack(0x0000000021090000,0x0000000021190000)]
  0x000000001a4a5800 JavaThread "jar transforms Thread 9" [_thread_blocked, id=16008, stack(0x0000000020f90000,0x0000000021090000)]
  0x000000001a4a3000 JavaThread "jar transforms Thread 8" [_thread_blocked, id=16136, stack(0x0000000020e90000,0x0000000020f90000)]
  0x0000000016fee800 JavaThread "jar transforms Thread 7" [_thread_blocked, id=20436, stack(0x0000000020d90000,0x0000000020e90000)]
  0x0000000016fee000 JavaThread "jar transforms Thread 6" [_thread_blocked, id=5900, stack(0x0000000020c90000,0x0000000020d90000)]
  0x0000000016ff4800 JavaThread "jar transforms Thread 5" [_thread_blocked, id=20468, stack(0x0000000020b90000,0x0000000020c90000)]
  0x0000000016ff3000 JavaThread "jar transforms Thread 4" [_thread_blocked, id=25288, stack(0x0000000020a90000,0x0000000020b90000)]
  0x0000000016ff1800 JavaThread "jar transforms Thread 3" [_thread_blocked, id=18852, stack(0x000000001f6e0000,0x000000001f7e0000)]
  0x0000000016ff4000 JavaThread "jar transforms Thread 2" [_thread_blocked, id=8184, stack(0x000000001e540000,0x000000001e640000)]
  0x0000000016ff1000 JavaThread "jar transforms" [_thread_blocked, id=25496, stack(0x000000001e440000,0x000000001e540000)]
  0x0000000016ff0000 JavaThread "Cache worker for file hash cache (E:\Projects\HomeWorkHelperBeta\.gradle\6.5\fileHashes)" [_thread_blocked, id=18280, stack(0x000000001e340000,0x000000001e440000)]
  0x0000000016ff2800 JavaThread "Cache worker for file hash cache (C:\Users\–ê–¥–º–∏–Ω\.gradle\caches\6.5\fileHashes)" [_thread_blocked, id=23712, stack(0x000000001d070000,0x000000001d170000)]
  0x0000000018f84800 JavaThread "File lock request listener" [_thread_in_native, id=6964, stack(0x000000001cf70000,0x000000001d070000)]
  0x000000001ae45000 JavaThread "Cache worker for journal cache (C:\Users\–ê–¥–º–∏–Ω\.gradle\caches\journal-1)" [_thread_blocked, id=20616, stack(0x000000001cd70000,0x000000001ce70000)]
  0x000000001ac0f000 JavaThread "Thread-9" [_thread_blocked, id=18364, stack(0x000000001ca70000,0x000000001cb70000)]
  0x000000001ac0e000 JavaThread "Stdin handler" [_thread_blocked, id=12636, stack(0x000000001c970000,0x000000001ca70000)]
  0x000000001ac1a000 JavaThread "Asynchronous log dispatcher for DefaultDaemonConnection: socket connection from /127.0.0.1:64153 to /127.0.0.1:64154" [_thread_blocked, id=25420, stack(0x000000001c870000,0x000000001c970000)]
  0x000000001ac3d000 JavaThread "Daemon worker" [_thread_blocked, id=13064, stack(0x000000001c770000,0x000000001c870000)]
  0x000000001ac3c800 JavaThread "Cancel handler" [_thread_blocked, id=11348, stack(0x000000001c670000,0x000000001c770000)]
  0x000000001abd5800 JavaThread "Handler for socket connection from /127.0.0.1:64153 to /127.0.0.1:64154" [_thread_in_native, id=14956, stack(0x000000001c570000,0x000000001c670000)]
  0x000000001ab72800 JavaThread "Daemon" [_thread_blocked, id=13536, stack(0x000000001c470000,0x000000001c570000)]
  0x000000001ab72000 JavaThread "Daemon periodic checks" [_thread_blocked, id=16592, stack(0x000000001c170000,0x000000001c270000)]
  0x000000001ab4f000 JavaThread "Incoming local TCP Connector on port 64153" [_thread_in_native, id=9744, stack(0x000000001bf20000,0x000000001c020000)]
  0x000000001aa59800 JavaThread "Daemon health stats" [_thread_blocked, id=3716, stack(0x000000001b8e0000,0x000000001b9e0000)]
  0x0000000018983800 JavaThread "Service Thread" daemon [_thread_blocked, id=18648, stack(0x0000000018d40000,0x0000000018e40000)]
  0x0000000016fef800 JavaThread "C1 CompilerThread2" daemon [_thread_blocked, id=24364, stack(0x0000000018840000,0x0000000018940000)]
=>0x0000000016fdd800 JavaThread "C2 CompilerThread1" daemon [_thread_in_native, id=26400, stack(0x0000000018740000,0x0000000018840000)]
  0x0000000016fd5000 JavaThread "C2 CompilerThread0" daemon [_thread_in_native, id=22012, stack(0x0000000018640000,0x0000000018740000)]
  0x0000000016fd4000 JavaThread "Attach Listener" daemon [_thread_blocked, id=17644, stack(0x0000000018540000,0x0000000018640000)]
  0x0000000016fd6800 JavaThread "Signal Dispatcher" daemon [_thread_blocked, id=16512, stack(0x0000000018440000,0x0000000018540000)]
  0x00000000023ab800 JavaThread "Finalizer" daemon [_thread_blocked, id=24816, stack(0x0000000018240000,0x0000000018340000)]
  0x0000000016fb9000 JavaThread "Reference Handler" daemon [_thread_blocked, id=25704, stack(0x0000000018140000,0x0000000018240000)]
  0x00000000021ae800 JavaThread "main" [_thread_blocked, id=22648, stack(0x00000000021b0000,0x00000000022b0000)]

Other Threads:
  0x0000000016f97800 VMThread [stack: 0x0000000018040000,0x0000000018140000] [id=25656]
  0x0000000018984800 WatcherThread [stack: 0x0000000018e40000,0x0000000018f40000] [id=1888]

VM state:at safepoint (normal execution)

VM Mutex/Monitor currently owned by a thread:  ([mutex/lock_event])
[0x00000000021ad720] Threads_lock - owner thread: 0x0000000016f97800
[0x00000000021acba0] Heap_lock - owner thread: 0x000000001ac3d000

heap address: 0x0000000080000000, size: 2048 MB, Compressed Oops mode: 32-bit
Narrow klass base: 0x0000000000000000, Narrow klass shift: 3
Compressed class space size: 1073741824 Address: 0x0000000100000000

Heap:
 PSYoungGen      total 247808K, used 115933K [0x00000000d5580000, 0x00000000ee200000, 0x0000000100000000)
  eden space 233472K, 43% used [0x00000000d5580000,0x00000000db8bc300,0x00000000e3980000)
  from space 14336K, 99% used [0x00000000e3980000,0x00000000e477b388,0x00000000e4780000)
  to   space 20992K, 72% used [0x00000000ecd80000,0x00000000edc507f8,0x00000000ee200000)
 ParOldGen       total 129536K, used 24019K [0x0000000080000000, 0x0000000087e80000, 0x00000000d5580000)
  object space 129536K, 18% used [0x0000000080000000,0x0000000081774ce8,0x0000000087e80000)
 Metaspace       used 56552K, capacity 58956K, committed 59096K, reserved 1099776K
  class space    used 7446K, capacity 7944K, committed 8064K, reserved 1048576K

Card table byte_map: [0x0000000011770000,0x0000000011b80000] byte_map_base: 0x0000000011370000

Marking Bits: (ParMarkBitMap*) 0x000000005a5ff030
 Begin Bits: [0x0000000012230000, 0x0000000014230000)
 End Bits:   [0x0000000014230000, 0x0000000016230000)

Polling page: 0x0000000000930000

CodeCache: size=245760Kb used=16950Kb max_used=16950Kb free=228809Kb
 bounds [0x00000000023b0000, 0x0000000003490000, 0x00000000113b0000]
 total_blobs=5604 nmethods=4813 adapters=703
 compilation: enabled

Compilation events (10 events):
Event: 11.706 Thread 0x0000000016fef800 5443       3       org.gradle.internal.instantiation.generator.AbstractClassGenerator$ExtensibleTypePropertyHandler::applyTo (228 bytes)
Event: 11.707 Thread 0x0000000016fef800 nmethod 5443 0x00000000026132d0 code [0x0000000002613640, 0x0000000002615388]
Event: 11.707 Thread 0x0000000016fef800 5444       3       org.gradle.internal.instantiation.generator.AsmBackedClassGenerator$ClassBuilderImpl$$Lambda$38/200233119::add (21 bytes)
Event: 11.708 Thread 0x0000000016fef800 nmethod 5444 0x00000000029f2890 code [0x00000000029f2a00, 0x00000000029f2ba8]
Event: 11.708 Thread 0x0000000016fef800 5445       3       org.gradle.internal.instantiation.generator.AsmBackedClassGenerator$ClassBuilderImpl::lambda$addLazyGetter$5 (131 bytes)
Event: 11.708 Thread 0x0000000016fef800 nmethod 5445 0x0000000002dbc7d0 code [0x0000000002dbca60, 0x0000000002dbdb38]
Event: 11.708 Thread 0x0000000016fef800 5446       3       org.gradle.internal.instantiation.generator.AsmBackedClassGenerator$ClassBuilderImpl$$Lambda$38/200233119::<init> (26 bytes)
Event: 11.708 Thread 0x0000000016fef800 nmethod 5446 0x0000000002612e90 code [0x0000000002612fe0, 0x00000000026131f0]
Event: 11.721 Thread 0x0000000016fef800 5447       3       sun.reflect.generics.repository.GenericDeclRepository::<init> (7 bytes)
Event: 11.721 Thread 0x0000000016fef800 nmethod 5447 0x00000000026128d0 code [0x0000000002612a40, 0x0000000002612d48]

GC Heap History (10 events):
Event: 5.470 GC heap after
Heap after GC invocations=5 (full 1):
 PSYoungGen      total 131584K, used 0K [0x00000000d5580000, 0x00000000dea80000, 0x0000000100000000)
  eden space 129536K, 0% used [0x00000000d5580000,0x00000000d5580000,0x00000000dd400000)
  from space 2048K, 0% used [0x00000000dde80000,0x00000000dde80000,0x00000000de080000)
  to   space 10752K, 0% used [0x00000000dd400000,0x00000000dd400000,0x00000000dde80000)
 ParOldGen       total 89600K, used 7051K [0x0000000080000000, 0x0000000085780000, 0x00000000d5580000)
  object space 89600K, 7% used [0x0000000080000000,0x00000000806e2d40,0x0000000085780000)
 Metaspace       used 20542K, capacity 21232K, committed 21296K, reserved 1067008K
  class space    used 2856K, capacity 3040K, committed 3072K, reserved 1048576K
}
Event: 7.021 GC heap before
{Heap before GC invocations=6 (full 1):
 PSYoungGen      total 131584K, used 129536K [0x00000000d5580000, 0x00000000dea80000, 0x0000000100000000)
  eden space 129536K, 100% used [0x00000000d5580000,0x00000000dd400000,0x00000000dd400000)
  from space 2048K, 0% used [0x00000000dde80000,0x00000000dde80000,0x00000000de080000)
  to   space 10752K, 0% used [0x00000000dd400000,0x00000000dd400000,0x00000000dde80000)
 ParOldGen       total 89600K, used 7051K [0x0000000080000000, 0x0000000085780000, 0x00000000d5580000)
  object space 89600K, 7% used [0x0000000080000000,0x00000000806e2d40,0x0000000085780000)
 Metaspace       used 32350K, capacity 33542K, committed 33664K, reserved 1079296K
  class space    used 4371K, capacity 4694K, committed 4736K, reserved 1048576K
Event: 7.072 GC heap after
Heap after GC invocations=6 (full 1):
 PSYoungGen      total 140288K, used 10721K [0x00000000d5580000, 0x00000000e5a80000, 0x0000000100000000)
  eden space 129536K, 0% used [0x00000000d5580000,0x00000000d5580000,0x00000000dd400000)
  from space 10752K, 99% used [0x00000000dd400000,0x00000000dde78748,0x00000000dde80000)
  to   space 15360K, 0% used [0x00000000e4b80000,0x00000000e4b80000,0x00000000e5a80000)
 ParOldGen       total 89600K, used 9310K [0x0000000080000000, 0x0000000085780000, 0x00000000d5580000)
  object space 89600K, 10% used [0x0000000080000000,0x0000000080917800,0x0000000085780000)
 Metaspace       used 32350K, capacity 33542K, committed 33664K, reserved 1079296K
  class space    used 4371K, capacity 4694K, committed 4736K, reserved 1048576K
}
Event: 7.796 GC heap before
{Heap before GC invocations=7 (full 1):
 PSYoungGen      total 140288K, used 47382K [0x00000000d5580000, 0x00000000e5a80000, 0x0000000100000000)
  eden space 129536K, 28% used [0x00000000d5580000,0x00000000d794d418,0x00000000dd400000)
  from space 10752K, 99% used [0x00000000dd400000,0x00000000dde78748,0x00000000dde80000)
  to   space 15360K, 0% used [0x00000000e4b80000,0x00000000e4b80000,0x00000000e5a80000)
 ParOldGen       total 89600K, used 9310K [0x0000000080000000, 0x0000000085780000, 0x00000000d5580000)
  object space 89600K, 10% used [0x0000000080000000,0x0000000080917800,0x0000000085780000)
 Metaspace       used 34068K, capacity 35326K, committed 35456K, reserved 1079296K
  class space    used 4584K, capacity 4884K, committed 4992K, reserved 1048576K
Event: 7.805 GC heap after
Heap after GC invocations=7 (full 1):
 PSYoungGen      total 243712K, used 8538K [0x00000000d5580000, 0x00000000e5580000, 0x0000000100000000)
  eden space 233472K, 0% used [0x00000000d5580000,0x00000000d5580000,0x00000000e3980000)
  from space 10240K, 83% used [0x00000000e4b80000,0x00000000e53d6a58,0x00000000e5580000)
  to   space 14336K, 0% used [0x00000000e3980000,0x00000000e3980000,0x00000000e4780000)
 ParOldGen       total 89600K, used 9318K [0x0000000080000000, 0x0000000085780000, 0x00000000d5580000)
  object space 89600K, 10% used [0x0000000080000000,0x0000000080919800,0x0000000085780000)
 Metaspace       used 34068K, capacity 35326K, committed 35456K, reserved 1079296K
  class space    used 4584K, capacity 4884K, committed 4992K, reserved 1048576K
}
Event: 7.805 GC heap before
{Heap before GC invocations=8 (full 2):
 PSYoungGen      total 243712K, used 8538K [0x00000000d5580000, 0x00000000e5580000, 0x0000000100000000)
  eden space 233472K, 0% used [0x00000000d5580000,0x00000000d5580000,0x00000000e3980000)
  from space 10240K, 83% used [0x00000000e4b80000,0x00000000e53d6a58,0x00000000e5580000)
  to   space 14336K, 0% used [0x00000000e3980000,0x00000000e3980000,0x00000000e4780000)
 ParOldGen       total 89600K, used 9318K [0x0000000080000000, 0x0000000085780000, 0x00000000d5580000)
  object space 89600K, 10% used [0x0000000080000000,0x0000000080919800,0x0000000085780000)
 Metaspace       used 34068K, capacity 35326K, committed 35456K, reserved 1079296K
  class space    used 4584K, capacity 4884K, committed 4992K, reserved 1048576K
Event: 7.869 GC heap after
Heap after GC invocations=8 (full 2):
 PSYoungGen      total 243712K, used 0K [0x00000000d5580000, 0x00000000e5580000, 0x0000000100000000)
  eden space 233472K, 0% used [0x00000000d5580000,0x00000000d5580000,0x00000000e3980000)
  from space 10240K, 0% used [0x00000000e4b80000,0x00000000e4b80000,0x00000000e5580000)
  to   space 14336K, 0% used [0x00000000e3980000,0x00000000e3980000,0x00000000e4780000)
 ParOldGen       total 129536K, used 15014K [0x0000000080000000, 0x0000000087e80000, 0x00000000d5580000)
  object space 129536K, 11% used [0x0000000080000000,0x0000000080ea9b90,0x0000000087e80000)
 Metaspace       used 34068K, capacity 35326K, committed 35456K, reserved 1079296K
  class space    used 4584K, capacity 4884K, committed 4992K, reserved 1048576K
}
Event: 10.608 GC heap before
{Heap before GC invocations=9 (full 2):
 PSYoungGen      total 243712K, used 233226K [0x00000000d5580000, 0x00000000e5580000, 0x0000000100000000)
  eden space 233472K, 99% used [0x00000000d5580000,0x00000000e3942b30,0x00000000e3980000)
  from space 10240K, 0% used [0x00000000e4b80000,0x00000000e4b80000,0x00000000e5580000)
  to   space 14336K, 0% used [0x00000000e3980000,0x00000000e3980000,0x00000000e4780000)
 ParOldGen       total 129536K, used 15014K [0x0000000080000000, 0x0000000087e80000, 0x00000000d5580000)
  object space 129536K, 11% used [0x0000000080000000,0x0000000080ea9b90,0x0000000087e80000)
 Metaspace       used 49777K, capacity 51960K, committed 52224K, reserved 1093632K
  class space    used 6631K, capacity 7072K, committed 7168K, reserved 1048576K
Event: 10.635 GC heap after
Heap after GC invocations=9 (full 2):
 PSYoungGen      total 247808K, used 14316K [0x00000000d5580000, 0x00000000ee200000, 0x0000000100000000)
  eden space 233472K, 0% used [0x00000000d5580000,0x00000000d5580000,0x00000000e3980000)
  from space 14336K, 99% used [0x00000000e3980000,0x00000000e477b388,0x00000000e4780000)
  to   space 20992K, 0% used [0x00000000ecd80000,0x00000000ecd80000,0x00000000ee200000)
 ParOldGen       total 129536K, used 24019K [0x0000000080000000, 0x0000000087e80000, 0x00000000d5580000)
  object space 129536K, 18% used [0x0000000080000000,0x0000000081774ce8,0x0000000087e80000)
 Metaspace       used 49777K, capacity 51960K, committed 52224K, reserved 1093632K
  class space    used 6631K, capacity 7072K, committed 7168K, reserved 1048576K
}
Event: 11.738 GC heap before
{Heap before GC invocations=10 (full 2):
 PSYoungGen      total 247808K, used 115933K [0x00000000d5580000, 0x00000000ee200000, 0x0000000100000000)
  eden space 233472K, 43% used [0x00000000d5580000,0x00000000db8bc300,0x00000000e3980000)
  from space 14336K, 99% used [0x00000000e3980000,0x00000000e477b388,0x00000000e4780000)
  to   space 20992K, 0% used [0x00000000ecd80000,0x00000000ecd80000,0x00000000ee200000)
 ParOldGen       total 129536K, used 24019K [0x0000000080000000, 0x0000000087e80000, 0x00000000d5580000)
  object space 129536K, 18% used [0x0000000080000000,0x0000000081774ce8,0x0000000087e80000)
 Metaspace       used 56552K, capacity 58956K, committed 59096K, reserved 1099776K
  class space    used 7446K, capacity 7944K, committed 8064K, reserved 1048576K

Deoptimization events (10 events):
Event: 10.746 Thread 0x000000001ac3d000 Uncommon trap: reason=bimorphic action=maybe_recompile pc=0x000000000311ba08 method=java.util.regex.Pattern$CharProperty.match(Ljava/util/regex/Matcher;ILjava/lang/CharSequence;)Z @ 18
Event: 10.746 Thread 0x000000001ac3d000 Uncommon trap: reason=bimorphic action=maybe_recompile pc=0x000000000311ba08 method=java.util.regex.Pattern$CharProperty.match(Ljava/util/regex/Matcher;ILjava/lang/CharSequence;)Z @ 18
Event: 10.764 Thread 0x000000001ac3d000 Uncommon trap: reason=bimorphic action=maybe_recompile pc=0x000000000311ba08 method=java.util.regex.Pattern$CharProperty.match(Ljava/util/regex/Matcher;ILjava/lang/CharSequence;)Z @ 18
Event: 10.919 Thread 0x000000001ac3d000 Uncommon trap: reason=unstable_if action=reinterpret pc=0x0000000003244368 method=org.gradle.internal.reflect.PropertyAccessorType.of(Ljava/lang/reflect/Method;)Lorg/gradle/internal/reflect/PropertyAccessorType; @ 56
Event: 11.240 Thread 0x000000001ac3d000 Uncommon trap: reason=unstable_if action=reinterpret pc=0x00000000033bd9f4 method=com.sun.org.apache.xerces.internal.impl.XMLEntityScanner.checkBeforeLoad(Lcom/sun/xml/internal/stream/Entity$ScannedEntity;II)I @ 18
Event: 11.305 Thread 0x000000001ac3d000 Uncommon trap: reason=unstable_if action=reinterpret pc=0x0000000002587b38 method=org.gradle.internal.instantiation.generator.AbstractClassGenerator$InjectionAnnotationValidator.validateMethod(Ljava/lang/reflect/Method;Lorg/gradle/internal/reflect/Propert
Event: 11.305 Thread 0x000000001ac3d000 Uncommon trap: reason=unstable_if action=reinterpret pc=0x00000000029f99b8 method=org.gradle.internal.instantiation.generator.AbstractClassGenerator$InjectionAnnotationValidator.validateMethod(Ljava/lang/reflect/Method;Lorg/gradle/internal/reflect/Propert
Event: 11.422 Thread 0x000000001ac3d000 Uncommon trap: reason=unstable_if action=reinterpret pc=0x0000000002ec90f0 method=java.lang.ClassValue.match(Ljava/lang/ClassValue$Entry;)Z @ 12
Event: 11.434 Thread 0x000000001ac3d000 Uncommon trap: reason=unstable_if action=reinterpret pc=0x0000000002f03764 method=java.lang.ClassValue.match(Ljava/lang/ClassValue$Entry;)Z @ 12
Event: 11.450 Thread 0x000000001ac3d000 Uncommon trap: reason=null_check action=make_not_entrant pc=0x0000000002c049d0 method=java.lang.Class.searchMethods([Ljava/lang/reflect/Method;Ljava/lang/String;[Ljava/lang/Class;)Ljava/lang/reflect/Method; @ 59

Classes redefined (0 events):
No events

Internal exceptions (10 events):
Event: 11.528 Thread 0x000000001ac3d000 Exception <a 'java/lang/ClassNotFoundException': org/gradle/api/internal/artifacts/repositories/DefaultMavenArtifactRepository_DecoratedBeanInfo> (0x00000000da9197d8) thrown at [C:\src\AOSP-openjdk-git\hotspot\src\share\vm\classfile\systemDictionary.cpp, 
Event: 11.529 Thread 0x000000001ac3d000 Exception <a 'java/lang/ClassNotFoundException': org/gradle/api/internal/artifacts/repositories/DefaultMavenArtifactRepositoryBeanInfo> (0x00000000da983530) thrown at [C:\src\AOSP-openjdk-git\hotspot\src\share\vm\classfile\systemDictionary.cpp, line 210]
Event: 11.529 Thread 0x000000001ac3d000 Exception <a 'java/lang/ClassNotFoundException': org/gradle/api/internal/artifacts/repositories/AbstractAuthenticationSupportedRepositoryBeanInfo> (0x00000000da9f6d28) thrown at [C:\src\AOSP-openjdk-git\hotspot\src\share\vm\classfile\systemDictionary.cpp,
Event: 11.530 Thread 0x000000001ac3d000 Exception <a 'java/lang/ClassNotFoundException': org/gradle/api/internal/artifacts/repositories/AbstractResolutionAwareArtifactRepositoryBeanInfo> (0x00000000daa6a610) thrown at [C:\src\AOSP-openjdk-git\hotspot\src\share\vm\classfile\systemDictionary.cpp,
Event: 11.531 Thread 0x000000001ac3d000 Exception <a 'java/lang/ClassNotFoundException': org/gradle/api/internal/artifacts/repositories/AbstractArtifactRepositoryBeanInfo> (0x00000000daacf648) thrown at [C:\src\AOSP-openjdk-git\hotspot\src\share\vm\classfile\systemDictionary.cpp, line 210]
Event: 11.531 Thread 0x000000001ac3d000 Exception <a 'java/lang/ClassNotFoundException': org/gradle/api/internal/artifacts/repositories/AbstractArtifactRepositoryCustomizer> (0x00000000dab38028) thrown at [C:\src\AOSP-openjdk-git\hotspot\src\share\vm\classfile\systemDictionary.cpp, line 210]
Event: 11.533 Thread 0x000000001ac3d000 Exception <a 'java/lang/ClassNotFoundException': org/gradle/api/internal/artifacts/repositories/AbstractResolutionAwareArtifactRepositoryCustomizer> (0x00000000dabcdbb8) thrown at [C:\src\AOSP-openjdk-git\hotspot\src\share\vm\classfile\systemDictionary.cp
Event: 11.534 Thread 0x000000001ac3d000 Exception <a 'java/lang/ClassNotFoundException': org/gradle/api/internal/artifacts/repositories/AbstractAuthenticationSupportedRepositoryCustomizer> (0x00000000dac4bbe8) thrown at [C:\src\AOSP-openjdk-git\hotspot\src\share\vm\classfile\systemDictionary.cp
Event: 11.545 Thread 0x000000001ac3d000 Exception <a 'java/lang/ClassNotFoundException': org/gradle/api/internal/artifacts/repositories/DefaultMavenArtifactRepositoryCustomizer> (0x00000000daccc3f0) thrown at [C:\src\AOSP-openjdk-git\hotspot\src\share\vm\classfile\systemDictionary.cpp, line 210
Event: 11.547 Thread 0x000000001ac3d000 Exception <a 'java/lang/ClassNotFoundException': org/gradle/api/internal/artifacts/repositories/DefaultMavenArtifactRepository_DecoratedCustomizer> (0x00000000dad5f138) thrown at [C:\src\AOSP-openjdk-git\hotspot\src\share\vm\classfile\systemDictionary.cpp

Events (10 events):
Event: 11.730 loading class com/google/wireless/android/sdk/stats/ApiVersion done
Event: 11.731 loading class com/google/wireless/android/sdk/stats/AnnotationProcessorInfo
Event: 11.731 loading class com/google/wireless/android/sdk/stats/AnnotationProcessorInfo done
Event: 11.732 loading class com/google/wireless/android/sdk/stats/AnnotationProcessorInfoOrBuilder
Event: 11.732 loading class com/google/wireless/android/sdk/stats/AnnotationProcessorInfoOrBuilder done
Event: 11.734 loading class com/google/wireless/android/sdk/stats/GradleBuildVariant$NativeBuildConfigInfo
Event: 11.734 loading class com/google/wireless/android/sdk/stats/GradleBuildVariant$NativeBuildConfigInfo done
Event: 11.737 loading class com/google/wireless/android/sdk/stats/GradleBuildVariant$NativeBuildConfigInfoOrBuilder
Event: 11.737 loading class com/google/wireless/android/sdk/stats/GradleBuildVariant$NativeBuildConfigInfoOrBuilder done
Event: 11.738 Executing VM operation: CollectForMetadataAllocation


Dynamic libraries:
0x00007ff7403a0000 - 0x00007ff7403d1000 	D:\Program Files\Android\Android Studio\jre\bin\java.exe
0x00007ff98fb00000 - 0x00007ff98fcf0000 	C:\WINDOWS\SYSTEM32\ntdll.dll
0x00007ff98dd30000 - 0x00007ff98dde2000 	C:\WINDOWS\System32\KERNEL32.DLL
0x00007ff98d630000 - 0x00007ff98d8d5000 	C:\WINDOWS\System32\KERNELBASE.dll
0x00007ff98dbb0000 - 0x00007ff98dc53000 	C:\WINDOWS\System32\ADVAPI32.dll
0x00007ff98e890000 - 0x00007ff98e92e000 	C:\WINDOWS\System32\msvcrt.dll
0x00007ff98ed10000 - 0x00007ff98eda7000 	C:\WINDOWS\System32\sechost.dll
0x00007ff98e9a0000 - 0x00007ff98eabf000 	C:\WINDOWS\System32\RPCRT4.dll
0x00007ff98ee60000 - 0x00007ff98eff4000 	C:\WINDOWS\System32\USER32.dll
0x00007ff98d8e0000 - 0x00007ff98d901000 	C:\WINDOWS\System32\win32u.dll
0x00007ff98e820000 - 0x00007ff98e846000 	C:\WINDOWS\System32\GDI32.dll
0x00007ff98d910000 - 0x00007ff98daa8000 	C:\WINDOWS\System32\gdi32full.dll
0x00007ff98cb50000 - 0x00007ff98cbee000 	C:\WINDOWS\System32\msvcp_win.dll
0x00007ff98dab0000 - 0x00007ff98dbaa000 	C:\WINDOWS\System32\ucrtbase.dll
0x00007ff97b480000 - 0x00007ff97b704000 	C:\WINDOWS\WinSxS\amd64_microsoft.windows.common-controls_6595b64144ccf1df_6.0.18362.1440_none_9e7dbfb9e45e8e67\COMCTL32.dll
0x00007ff98ddf0000 - 0x00007ff98e126000 	C:\WINDOWS\System32\combase.dll
0x00007ff98cac0000 - 0x00007ff98cb41000 	C:\WINDOWS\System32\bcryptPrimitives.dll
0x00007ff98e850000 - 0x00007ff98e87e000 	C:\WINDOWS\System32\IMM32.DLL
0x0000000059400000 - 0x00000000594d2000 	D:\Program Files\Android\Android Studio\jre\jre\bin\msvcr100.dll
0x0000000059e30000 - 0x000000005a67b000 	D:\Program Files\Android\Android Studio\jre\jre\bin\server\jvm.dll
0x00007ff98f8d0000 - 0x00007ff98f8d8000 	C:\WINDOWS\System32\PSAPI.DLL
0x00007ff957d00000 - 0x00007ff957d09000 	C:\WINDOWS\SYSTEM32\WSOCK32.dll
0x00007ff9896b0000 - 0x00007ff9896d4000 	C:\WINDOWS\SYSTEM32\WINMM.dll
0x00007ff98eb40000 - 0x00007ff98ebaf000 	C:\WINDOWS\System32\WS2_32.dll
0x00007ff986b50000 - 0x00007ff986b5a000 	C:\WINDOWS\SYSTEM32\VERSION.dll
0x00007ff989680000 - 0x00007ff9896ad000 	C:\WINDOWS\SYSTEM32\winmmbase.dll
0x00007ff98d3d0000 - 0x00007ff98d41a000 	C:\WINDOWS\System32\cfgmgr32.dll
0x00007ff9891d0000 - 0x00007ff9891df000 	D:\Program Files\Android\Android Studio\jre\jre\bin\verify.dll
0x00007ff9764c0000 - 0x00007ff9764e9000 	D:\Program Files\Android\Android Studio\jre\jre\bin\java.dll
0x00007ff9759e0000 - 0x00007ff9759f6000 	D:\Program Files\Android\Android Studio\jre\jre\bin\zip.dll
0x00007ff98f000000 - 0x00007ff98f6e8000 	C:\WINDOWS\System32\SHELL32.dll
0x00007ff98f8e0000 - 0x00007ff98f987000 	C:\WINDOWS\System32\shcore.dll
0x00007ff98cbf0000 - 0x00007ff98d36b000 	C:\WINDOWS\System32\windows.storage.dll
0x00007ff98ca30000 - 0x00007ff98ca4e000 	C:\WINDOWS\System32\profapi.dll
0x00007ff98c9c0000 - 0x00007ff98ca0a000 	C:\WINDOWS\System32\powrprof.dll
0x00007ff98c9b0000 - 0x00007ff98c9c0000 	C:\WINDOWS\System32\UMPDC.dll
0x00007ff98e5a0000 - 0x00007ff98e5f2000 	C:\WINDOWS\System32\shlwapi.dll
0x00007ff98ca50000 - 0x00007ff98ca61000 	C:\WINDOWS\System32\kernel.appcore.dll
0x00007ff98ca70000 - 0x00007ff98ca87000 	C:\WINDOWS\System32\cryptsp.dll
0x00007ff9759a0000 - 0x00007ff9759ba000 	D:\Program Files\Android\Android Studio\jre\jre\bin\net.dll
0x00007ff98c1f0000 - 0x00007ff98c257000 	C:\WINDOWS\system32\mswsock.dll
0x00007ff973980000 - 0x00007ff973993000 	D:\Program Files\Android\Android Studio\jre\jre\bin\nio.dll
0x00007ff97b0c0000 - 0x00007ff97b0e7000 	C:\Users\¿‰ÏËÌ\.gradle\native\f6784746aeab05261644944871eae4fe03e0ef1612fff0a4a95f87b438bc6780\windows-amd64\native-platform.dll
0x00007ff9856b0000 - 0x00007ff9856bd000 	D:\Program Files\Android\Android Studio\jre\jre\bin\management.dll
0x00007ff98bd70000 - 0x00007ff98bda3000 	C:\WINDOWS\system32\rsaenh.dll
0x00007ff98ca90000 - 0x00007ff98cab6000 	C:\WINDOWS\System32\bcrypt.dll
0x00007ff98c890000 - 0x00007ff98c8b5000 	C:\WINDOWS\SYSTEM32\USERENV.dll
0x00007ff98c3c0000 - 0x00007ff98c3cc000 	C:\WINDOWS\SYSTEM32\CRYPTBASE.dll
0x00007ff98bf00000 - 0x00007ff98bf3a000 	C:\WINDOWS\SYSTEM32\IPHLPAPI.DLL
0x00007ff98e880000 - 0x00007ff98e888000 	C:\WINDOWS\System32\NSI.dll
0x00007ff983f00000 - 0x00007ff983f16000 	C:\WINDOWS\SYSTEM32\dhcpcsvc6.DLL
0x00007ff9840c0000 - 0x00007ff9840dc000 	C:\WINDOWS\SYSTEM32\dhcpcsvc.DLL
0x00007ff98bf50000 - 0x00007ff98c01b000 	C:\WINDOWS\SYSTEM32\DNSAPI.dll
0x00007ff986b40000 - 0x00007ff986b4b000 	C:\WINDOWS\SYSTEM32\WINNSI.DLL

VM Arguments:
jvm_args: -Xmx2048m -Dfile.encoding=UTF-8 -Duser.country=RU -Duser.language=ru -Duser.variant 
java_command: org.gradle.launcher.daemon.bootstrap.GradleDaemon 6.5
java_class_path (initial): C:\Users\¿‰ÏËÌ\.gradle\wrapper\dists\gradle-6.5-all\2oz4ud9k3tuxjg84bbf55q0tn\gradle-6.5\lib\gradle-launcher-6.5.jar
Launcher Type: SUN_STANDARD

Environment Variables:
JAVA_HOME=F:\Program Files\Amazon Corretto\jdk11.0.9_12
PATH=F:\Program Files\Amazon Corretto\jdk11.0.9_12\bin;E:\Oculus\Support\oculus-runtime;C:\Program Files (x86)\Common Files\Intel\Shared Libraries\redist\intel64\compiler;C:\ProgramData\Oracle\Java\javapath;C:\Program Files (x86)\Common Files\Oracle\Java\javapath;C:\Windows\system32;C:\Windows;C:\Windows\System32\Wbem;C:\Windows\System32\WindowsPowerShell\v1.0\;C:\Program Files (x86)\Print Conductor;E:\Universal Extractor;E:\Universal Extractor\bin;C:\WINDOWS\system32;C:\WINDOWS;C:\WINDOWS\System32\Wbem;C:\WINDOWS\System32\WindowsPowerShell\v1.0\;C:\WINDOWS\System32\OpenSSH\;C:\Program Files\NVIDIA Corporation\NVIDIA NvDLISR;C:\Program Files (x86)\NVIDIA Corporation\PhysX\Common;C:\WINDOWS\system32;C:\WINDOWS;C:\WINDOWS\System32\Wbem;C:\WINDOWS\System32\WindowsPowerShell\v1.0\;C:\WINDOWS\System32\OpenSSH\;C:\Program Files\Git\cmd;C:\Program Files (x86)\AOMEI\AOMEI Backupper 6.4.0;C:\Program Files\dotnet\;C:\Users\¿‰ÏËÌ\AppData\Local\Microsoft\WindowsApps;C:\Program Files (x86)\Print Conductor;
USERNAME=¿‰ÏËÌ
OS=Windows_NT
PROCESSOR_IDENTIFIER=Intel64 Family 6 Model 158 Stepping 11, GenuineIntel



---------------  S Y S T E M  ---------------

OS: Windows 10.0 , 64 bit Build 18362 (10.0.18362.1350)

CPU:total 4 (initial active 4) (4 cores per cpu, 1 threads per core) family 6 model 158 stepping 11, cmov, cx8, fxsr, mmx, sse, sse2, sse3, ssse3, sse4.1, sse4.2, popcnt, avx, avx2, aes, clmul, erms, 3dnowpref, lzcnt, tsc, tscinvbit, bmi1, bmi2, adx

Memory: 4k page, physical 16724296k(5375732k free), swap 20918600k(5672k free)

vm_info: OpenJDK 64-Bit Server VM (25.242-b01) for windows-amd64 JRE (1.8.0_242-release-1644-b01), built by "builder" with MS VC++ 10.0 (VS2010)

time: Wed Apr 21 17:34:07 2021
timezone: ‘ËÌÎˇÌ‰Ëˇ (ÎÂÚÓ)
elapsed time: 11 seconds (0d 0h 0m 11s)

